2018-05-07 21:32:34,528 - ResourceManager : found /templates/service.java.vm with loader org.apache.velocity.runtime.resource.loader.ClasspathResourceLoader
2018-05-07 21:32:34,532 - ResourceManager : found /templates/serviceImpl.java.vm with loader org.apache.velocity.runtime.resource.loader.ClasspathResourceLoader
2018-05-07 21:32:34,535 - ResourceManager : found /templates/controller.java.vm with loader org.apache.velocity.runtime.resource.loader.ClasspathResourceLoader
2018-05-07 21:33:34,393 - Log4JLogChute initialized using file 'velocity.log'
2018-05-07 21:33:34,394 - Initializing Velocity, Calling init()...
2018-05-07 21:33:34,394 - Starting Apache Velocity v1.7 (compiled: 2010-11-19 12:14:37)
2018-05-07 21:33:34,396 - Default Properties File: org\apache\velocity\runtime\defaults\velocity.properties
2018-05-07 21:33:34,396 - Trying to use logger class org.apache.velocity.runtime.log.AvalonLogChute
2018-05-07 21:33:34,396 - Target log system for org.apache.velocity.runtime.log.AvalonLogChute is not available (java.lang.NoClassDefFoundError: Could not initialize class org.apache.velocity.runtime.log.AvalonLogChute).  Falling back to next log system...
2018-05-07 21:33:34,396 - Trying to use logger class org.apache.velocity.runtime.log.Log4JLogChute
2018-05-07 21:33:34,396 - Using logger class org.apache.velocity.runtime.log.Log4JLogChute
2018-05-07 21:33:34,396 - ResourceLoader instantiated: org.apache.velocity.runtime.resource.loader.ClasspathResourceLoader
2018-05-07 21:33:34,396 - ResourceCache: initialized (class org.apache.velocity.runtime.resource.ResourceCacheImpl) with class java.util.Collections$SynchronizedMap cache map.
2018-05-07 21:33:34,396 - Loaded System Directive: org.apache.velocity.runtime.directive.Stop
2018-05-07 21:33:34,396 - Loaded System Directive: org.apache.velocity.runtime.directive.Define
2018-05-07 21:33:34,396 - Loaded System Directive: org.apache.velocity.runtime.directive.Break
2018-05-07 21:33:34,396 - Loaded System Directive: org.apache.velocity.runtime.directive.Evaluate
2018-05-07 21:33:34,396 - Loaded System Directive: org.apache.velocity.runtime.directive.Literal
2018-05-07 21:33:34,397 - Loaded System Directive: org.apache.velocity.runtime.directive.Macro
2018-05-07 21:33:34,397 - Loaded System Directive: org.apache.velocity.runtime.directive.Parse
2018-05-07 21:33:34,397 - Loaded System Directive: org.apache.velocity.runtime.directive.Include
2018-05-07 21:33:34,397 - Loaded System Directive: org.apache.velocity.runtime.directive.Foreach
2018-05-07 21:33:34,398 - Created '20' parsers.
2018-05-07 21:33:34,398 - Velocimacro : "velocimacro.library" is not set.  Trying default library: VM_global_library.vm
2018-05-07 21:33:34,399 - Could not load resource 'VM_global_library.vm' from ResourceLoader org.apache.velocity.runtime.resource.loader.ClasspathResourceLoader: ClasspathResourceLoader Error: cannot find resource VM_global_library.vm
2018-05-07 21:33:34,399 - Velocimacro : Default library not found.
2018-05-07 21:33:34,399 - Velocimacro : allowInline = true : VMs can be defined inline in templates
2018-05-07 21:33:34,399 - Velocimacro : allowInlineToOverride = false : VMs defined inline may NOT replace previous VM definitions
2018-05-07 21:33:34,399 - Velocimacro : allowInlineLocal = false : VMs defined inline will be global in scope if allowed.
2018-05-07 21:33:34,399 - Velocimacro : autoload off : VM system will not automatically reload global library macros
2018-05-07 21:33:34,406 - ResourceManager : found /templates/entity.java.vm with loader org.apache.velocity.runtime.resource.loader.ClasspathResourceLoader
2018-05-07 21:33:34,408 - Left side (${versionFieldName}) of '==' operation has null value. If it is a reference, it may not be in the context or its toString() returned null. /templates/entity.java.vm[line 72, column 26]
2018-05-07 21:33:34,408 - Left side (${logicDeleteFieldName}) of '==' operation has null value. If it is a reference, it may not be in the context or its toString() returned null. /templates/entity.java.vm[line 76, column 30]
2018-05-07 21:33:34,408 - Left side (${versionFieldName}) of '==' operation has null value. If it is a reference, it may not be in the context or its toString() returned null. /templates/entity.java.vm[line 72, column 26]
2018-05-07 21:33:34,409 - Left side (${logicDeleteFieldName}) of '==' operation has null value. If it is a reference, it may not be in the context or its toString() returned null. /templates/entity.java.vm[line 76, column 30]
2018-05-07 21:33:34,409 - Left side (${versionFieldName}) of '==' operation has null value. If it is a reference, it may not be in the context or its toString() returned null. /templates/entity.java.vm[line 72, column 26]
2018-05-07 21:33:34,409 - Left side (${logicDeleteFieldName}) of '==' operation has null value. If it is a reference, it may not be in the context or its toString() returned null. /templates/entity.java.vm[line 76, column 30]
2018-05-07 21:33:34,409 - Left side (${versionFieldName}) of '==' operation has null value. If it is a reference, it may not be in the context or its toString() returned null. /templates/entity.java.vm[line 72, column 26]
2018-05-07 21:33:34,409 - Left side (${logicDeleteFieldName}) of '==' operation has null value. If it is a reference, it may not be in the context or its toString() returned null. /templates/entity.java.vm[line 76, column 30]
2018-05-07 21:33:34,409 - Left side (${versionFieldName}) of '==' operation has null value. If it is a reference, it may not be in the context or its toString() returned null. /templates/entity.java.vm[line 72, column 26]
2018-05-07 21:33:34,409 - Left side (${logicDeleteFieldName}) of '==' operation has null value. If it is a reference, it may not be in the context or its toString() returned null. /templates/entity.java.vm[line 76, column 30]
2018-05-07 21:33:34,413 - ResourceManager : found /templates/mapper.java.vm with loader org.apache.velocity.runtime.resource.loader.ClasspathResourceLoader
2018-05-07 21:33:34,418 - ResourceManager : found /templates/mapper.xml.vm with loader org.apache.velocity.runtime.resource.loader.ClasspathResourceLoader
2018-05-07 21:33:34,422 - ResourceManager : found /templates/service.java.vm with loader org.apache.velocity.runtime.resource.loader.ClasspathResourceLoader
2018-05-07 21:33:34,427 - ResourceManager : found /templates/serviceImpl.java.vm with loader org.apache.velocity.runtime.resource.loader.ClasspathResourceLoader
2018-05-07 21:33:34,430 - ResourceManager : found /templates/controller.java.vm with loader org.apache.velocity.runtime.resource.loader.ClasspathResourceLoader
iceImpl.java.vm with loader org.apache.velocity.runtime.resource.loader.ClasspathResourceLoader
2018-05-07 21:33:34,430 - ResourceManager : found /templates/controller.java.vm with loader org.apache.velocity.runtime.resource.loader.ClasspathResourceLoader
2018-05-09 22:38:19,103 - Log4JLogChute initialized using file 'velocity.log'
2018-05-09 22:38:19,140 - Initializing Velocity, Calling init()...
2018-05-09 22:38:19,140 - Starting Apache Velocity v1.7 (compiled: 2010-11-19 12:14:37)
2018-05-09 22:38:19,140 - Default Properties File: org\apache\velocity\runtime\defaults\velocity.properties
2018-05-09 22:38:19,140 - Trying to use logger class org.apache.velocity.runtime.log.AvalonLogChute
2018-05-09 22:38:19,140 - Target log system for org.apache.velocity.runtime.log.AvalonLogChute is not available (java.lang.NoClassDefFoundError: org/apache/log/Priority).  Falling back to next log system...
2018-05-09 22:38:19,140 - Trying to use logger class org.apache.velocity.runtime.log.Log4JLogChute
2018-05-09 22:38:19,140 - Using logger class org.apache.velocity.runtime.log.Log4JLogChute
2018-05-09 22:38:19,143 - ResourceLoader instantiated: org.apache.velocity.runtime.resource.loader.ClasspathResourceLoader
2018-05-09 22:38:19,152 - ResourceCache: initialized (class org.apache.velocity.runtime.resource.ResourceCacheImpl) with class java.util.Collections$SynchronizedMap cache map.
2018-05-09 22:38:19,153 - Loaded System Directive: org.apache.velocity.runtime.directive.Stop
2018-05-09 22:38:19,154 - Loaded System Directive: org.apache.velocity.runtime.directive.Define
2018-05-09 22:38:19,155 - Loaded System Directive: org.apache.velocity.runtime.directive.Break
2018-05-09 22:38:19,156 - Loaded System Directive: org.apache.velocity.runtime.directive.Evaluate
2018-05-09 22:38:19,156 - Loaded System Directive: org.apache.velocity.runtime.directive.Literal
2018-05-09 22:38:19,157 - Loaded System Directive: org.apache.velocity.runtime.directive.Macro
2018-05-09 22:38:19,158 - Loaded System Directive: org.apache.velocity.runtime.directive.Parse
2018-05-09 22:38:19,159 - Loaded System Directive: org.apache.velocity.runtime.directive.Include
2018-05-09 22:38:19,159 - Loaded System Directive: org.apache.velocity.runtime.directive.Foreach
2018-05-09 22:38:19,170 - Created '20' parsers.
2018-05-09 22:38:19,172 - Velocimacro : "velocimacro.library" is not set.  Trying default library: VM_global_library.vm
2018-05-09 22:38:19,174 - Could not load resource 'VM_global_library.vm' from ResourceLoader org.apache.velocity.runtime.resource.loader.ClasspathResourceLoader: ClasspathResourceLoader Error: cannot find resource VM_global_library.vm
2018-05-09 22:38:19,174 - Velocimacro : Default library not found.
2018-05-09 22:38:19,174 - Velocimacro : allowInline = true : VMs can be defined inline in templates
2018-05-09 22:38:19,174 - Velocimacro : allowInlineToOverride = false : VMs defined inline may NOT replace previous VM definitions
2018-05-09 22:38:19,174 - Velocimacro : allowInlineLocal = false : VMs defined inline will be global in scope if allowed.
2018-05-09 22:38:19,174 - Velocimacro : autoload off : VM system will not automatically reload global library macros
2018-05-09 22:38:19,201 - ResourceManager : found /templates/entity.java.vm with loader org.apache.velocity.runtime.resource.loader.ClasspathResourceLoader
2018-05-09 22:38:19,212 - Left side (${versionFieldName}) of '==' operation has null value. If it is a reference, it may not be in the context or its toString() returned null. /templates/entity.java.vm[line 72, column 26]
2018-05-09 22:38:19,212 - Left side (${logicDeleteFieldName}) of '==' operation has null value. If it is a reference, it may not be in the context or its toString() returned null. /templates/entity.java.vm[line 76, column 30]
2018-05-09 22:38:19,212 - Left side (${versionFieldName}) of '==' operation has null value. If it is a reference, it may not be in the context or its toString() returned null. /templates/entity.java.vm[line 72, column 26]
2018-05-09 22:38:19,212 - Left side (${logicDeleteFieldName}) of '==' operation has null value. If it is a reference, it may not be in the context or its toString() returned null. /templates/entity.java.vm[line 76, column 30]
2018-05-09 22:38:19,212 - Left side (${versionFieldName}) of '==' operation has null value. If it is a reference, it may not be in the context or its toString() returned null. /templates/entity.java.vm[line 72, column 26]
2018-05-09 22:38:19,212 - Left side (${logicDeleteFieldName}) of '==' operation has null value. If it is a reference, it may not be in the context or its toString() returned null. /templates/entity.java.vm[line 76, column 30]
2018-05-09 22:38:19,212 - Left side (${versionFieldName}) of '==' operation has null value. If it is a reference, it may not be in the context or its toString() returned null. /templates/entity.java.vm[line 72, column 26]
2018-05-09 22:38:19,212 - Left side (${logicDeleteFieldName}) of '==' operation has null value. If it is a reference, it may not be in the context or its toString() returned null. /templates/entity.java.vm[line 76, column 30]
2018-05-09 22:38:19,220 - ResourceManager : found /templates/mapper.java.vm with loader org.apache.velocity.runtime.resource.loader.ClasspathResourceLoader
2018-05-09 22:38:19,225 - ResourceManager : found /templates/mapper.xml.vm with loader org.apache.velocity.runtime.resource.loader.ClasspathResourceLoader
2018-05-09 22:38:19,229 - ResourceManager : found /templates/service.java.vm with loader org.apache.velocity.runtime.resource.loader.ClasspathResourceLoader
2018-05-09 22:38:19,232 - ResourceManager : found /templates/serviceImpl.java.vm with loader org.apache.velocity.runtime.resource.loader.ClasspathResourceLoader
2018-05-09 22:38:19,236 - ResourceManager : found /templates/controller.java.vm with loader org.apache.velocity.runtime.resource.loader.ClasspathResourceLoader
2018-05-09 22:38:33,365 - Log4JLogChute initialized using file 'velocity.log'
2018-05-09 22:38:33,365 - Log4JLogChute initialized using file 'velocity.log'
2018-05-09 22:38:33,365 - Initializing Velocity, Calling init()...
2018-05-09 22:38:33,365 - Initializing Velocity, Calling init()...
2018-05-09 22:38:33,365 - Starting Apache Velocity v1.7 (compiled: 2010-11-19 12:14:37)
2018-05-09 22:38:33,365 - Starting Apache Velocity v1.7 (compiled: 2010-11-19 12:14:37)
2018-05-09 22:38:33,365 - Default Properties File: org\apache\velocity\runtime\defaults\velocity.properties
2018-05-09 22:38:33,365 - Default Properties File: org\apache\velocity\runtime\defaults\velocity.properties
2018-05-09 22:38:33,365 - Trying to use logger class org.apache.velocity.runtime.log.AvalonLogChute
2018-05-09 22:38:33,365 - Trying to use logger class org.apache.velocity.runtime.log.AvalonLogChute
2018-05-09 22:38:33,365 - Target log system for org.apache.velocity.runtime.log.AvalonLogChute is not available (java.lang.NoClassDefFoundError: Could not initialize class org.apache.velocity.runtime.log.AvalonLogChute).  Falling back to next log system...
2018-05-09 22:38:33,365 - Target log system for org.apache.velocity.runtime.log.AvalonLogChute is not available (java.lang.NoClassDefFoundError: Could not initialize class org.apache.velocity.runtime.log.AvalonLogChute).  Falling back to next log system...
2018-05-09 22:38:33,365 - Trying to use logger class org.apache.velocity.runtime.log.Log4JLogChute
2018-05-09 22:38:33,365 - Trying to use logger class org.apache.velocity.runtime.log.Log4JLogChute
2018-05-09 22:38:33,365 - Using logger class org.apache.velocity.runtime.log.Log4JLogChute
2018-05-09 22:38:33,365 - Using logger class org.apache.velocity.runtime.log.Log4JLogChute
2018-05-09 22:38:33,366 - ResourceLoader instantiated: org.apache.velocity.runtime.resource.loader.ClasspathResourceLoader
2018-05-09 22:38:33,366 - ResourceLoader instantiated: org.apache.velocity.runtime.resource.loader.ClasspathResourceLoader
2018-05-09 22:38:33,366 - ResourceCache: initialized (class org.apache.velocity.runtime.resource.ResourceCacheImpl) with class java.util.Collections$SynchronizedMap cache map.
2018-05-09 22:38:33,366 - ResourceCache: initialized (class org.apache.velocity.runtime.resource.ResourceCacheImpl) with class java.util.Collections$SynchronizedMap cache map.
2018-05-09 22:38:33,366 - Loaded System Directive: org.apache.velocity.runtime.directive.Stop
2018-05-09 22:38:33,366 - Loaded System Directive: org.apache.velocity.runtime.directive.Stop
2018-05-09 22:38:33,366 - Loaded System Directive: org.apache.velocity.runtime.directive.Define
2018-05-09 22:38:33,366 - Loaded System Directive: org.apache.velocity.runtime.directive.Define
2018-05-09 22:38:33,366 - Loaded System Directive: org.apache.velocity.runtime.directive.Break
2018-05-09 22:38:33,366 - Loaded System Directive: org.apache.velocity.runtime.directive.Break
2018-05-09 22:38:33,366 - Loaded System Directive: org.apache.velocity.runtime.directive.Evaluate
2018-05-09 22:38:33,366 - Loaded System Directive: org.apache.velocity.runtime.directive.Evaluate
2018-05-09 22:38:33,366 - Loaded System Directive: org.apache.velocity.runtime.directive.Literal
2018-05-09 22:38:33,366 - Loaded System Directive: org.apache.velocity.runtime.directive.Literal
2018-05-09 22:38:33,366 - Loaded System Directive: org.apache.velocity.runtime.directive.Macro
2018-05-09 22:38:33,366 - Loaded System Directive: org.apache.velocity.runtime.directive.Macro
2018-05-09 22:38:33,366 - Loaded System Directive: org.apache.velocity.runtime.directive.Parse
2018-05-09 22:38:33,366 - Loaded System Directive: org.apache.velocity.runtime.directive.Parse
2018-05-09 22:38:33,366 - Loaded System Directive: org.apache.velocity.runtime.directive.Include
2018-05-09 22:38:33,366 - Loaded System Directive: org.apache.velocity.runtime.directive.Include
2018-05-09 22:38:33,366 - Loaded System Directive: org.apache.velocity.runtime.directive.Foreach
2018-05-09 22:38:33,366 - Loaded System Directive: org.apache.velocity.runtime.directive.Foreach
2018-05-09 22:38:33,367 - Created '20' parsers.
2018-05-09 22:38:33,367 - Created '20' parsers.
2018-05-09 22:38:33,367 - Velocimacro : "velocimacro.library" is not set.  Trying default library: VM_global_library.vm
2018-05-09 22:38:33,367 - Velocimacro : "velocimacro.library" is not set.  Trying default library: VM_global_library.vm
2018-05-09 22:38:33,368 - Could not load resource 'VM_global_library.vm' from ResourceLoader org.apache.velocity.runtime.resource.loader.ClasspathResourceLoader: ClasspathResourceLoader Error: cannot find resource VM_global_library.vm
2018-05-09 22:38:33,368 - Could not load resource 'VM_global_library.vm' from ResourceLoader org.apache.velocity.runtime.resource.loader.ClasspathResourceLoader: ClasspathResourceLoader Error: cannot find resource VM_global_library.vm
2018-05-09 22:38:33,368 - Velocimacro : Default library not found.
2018-05-09 22:38:33,368 - Velocimacro : Default library not found.
2018-05-09 22:38:33,368 - Velocimacro : allowInline = true : VMs can be defined inline in templates
2018-05-09 22:38:33,368 - Velocimacro : allowInline = true : VMs can be defined inline in templates
2018-05-09 22:38:33,368 - Velocimacro : allowInlineToOverride = false : VMs defined inline may NOT replace previous VM definitions
2018-05-09 22:38:33,368 - Velocimacro : allowInlineToOverride = false : VMs defined inline may NOT replace previous VM definitions
2018-05-09 22:38:33,368 - Velocimacro : allowInlineLocal = false : VMs defined inline will be global in scope if allowed.
2018-05-09 22:38:33,368 - Velocimacro : allowInlineLocal = false : VMs defined inline will be global in scope if allowed.
2018-05-09 22:38:33,368 - Velocimacro : autoload off : VM system will not automatically reload global library macros
2018-05-09 22:38:33,368 - Velocimacro : autoload off : VM system will not automatically reload global library macros
2018-05-09 22:38:33,375 - ResourceManager : found /templates/entity.java.vm with loader org.apache.velocity.runtime.resource.loader.ClasspathResourceLoader
2018-05-09 22:38:33,375 - ResourceManager : found /templates/entity.java.vm with loader org.apache.velocity.runtime.resource.loader.ClasspathResourceLoader
2018-05-09 22:38:33,378 - Left side (${versionFieldName}) of '==' operation has null value. If it is a reference, it may not be in the context or its toString() returned null. /templates/entity.java.vm[line 72, column 26]
2018-05-09 22:38:33,378 - Left side (${versionFieldName}) of '==' operation has null value. If it is a reference, it may not be in the context or its toString() returned null. /templates/entity.java.vm[line 72, column 26]
2018-05-09 22:38:33,378 - Left side (${logicDeleteFieldName}) of '==' operation has null value. If it is a reference, it may not be in the context or its toString() returned null. /templates/entity.java.vm[line 76, column 30]
2018-05-09 22:38:33,378 - Left side (${logicDeleteFieldName}) of '==' operation has null value. If it is a reference, it may not be in the context or its toString() returned null. /templates/entity.java.vm[line 76, column 30]
2018-05-09 22:38:33,378 - Left side (${versionFieldName}) of '==' operation has null value. If it is a reference, it may not be in the context or its toString() returned null. /templates/entity.java.vm[line 72, column 26]
2018-05-09 22:38:33,378 - Left side (${versionFieldName}) of '==' operation has null value. If it is a reference, it may not be in the context or its toString() returned null. /templates/entity.java.vm[line 72, column 26]
2018-05-09 22:38:33,378 - Left side (${logicDeleteFieldName}) of '==' operation has null value. If it is a reference, it may not be in the context or its toString() returned null. /templates/entity.java.vm[line 76, column 30]
2018-05-09 22:38:33,378 - Left side (${logicDeleteFieldName}) of '==' operation has null value. If it is a reference, it may not be in the context or its toString() returned null. /templates/entity.java.vm[line 76, column 30]
2018-05-09 22:38:33,378 - Left side (${versionFieldName}) of '==' operation has null value. If it is a reference, it may not be in the context or its toString() returned null. /templates/entity.java.vm[line 72, column 26]
2018-05-09 22:38:33,378 - Left side (${versionFieldName}) of '==' operation has null value. If it is a reference, it may not be in the context or its toString() returned null. /templates/entity.java.vm[line 72, column 26]
2018-05-09 22:38:33,378 - Left side (${logicDeleteFieldName}) of '==' operation has null value. If it is a reference, it may not be in the context or its toString() returned null. /templates/entity.java.vm[line 76, column 30]
2018-05-09 22:38:33,378 - Left side (${logicDeleteFieldName}) of '==' operation has null value. If it is a reference, it may not be in the context or its toString() returned null. /templates/entity.java.vm[line 76, column 30]
2018-05-09 22:38:33,379 - Left side (${versionFieldName}) of '==' operation has null value. If it is a reference, it may not be in the context or its toString() returned null. /templates/entity.java.vm[line 72, column 26]
2018-05-09 22:38:33,379 - Left side (${versionFieldName}) of '==' operation has null value. If it is a reference, it may not be in the context or its toString() returned null. /templates/entity.java.vm[line 72, column 26]
2018-05-09 22:38:33,379 - Left side (${logicDeleteFieldName}) of '==' operation has null value. If it is a reference, it may not be in the context or its toString() returned null. /templates/entity.java.vm[line 76, column 30]
2018-05-09 22:38:33,379 - Left side (${logicDeleteFieldName}) of '==' operation has null value. If it is a reference, it may not be in the context or its toString() returned null. /templates/entity.java.vm[line 76, column 30]
2018-05-09 22:38:33,381 - ResourceManager : found /templates/mapper.java.vm with loader org.apache.velocity.runtime.resource.loader.ClasspathResourceLoader
2018-05-09 22:38:33,381 - ResourceManager : found /templates/mapper.java.vm with loader org.apache.velocity.runtime.resource.loader.ClasspathResourceLoader
2018-05-09 22:38:33,386 - ResourceManager : found /templates/mapper.xml.vm with loader org.apache.velocity.runtime.resource.loader.ClasspathResourceLoader
2018-05-09 22:38:33,386 - ResourceManager : found /templates/mapper.xml.vm with loader org.apache.velocity.runtime.resource.loader.ClasspathResourceLoader
2018-05-09 22:38:33,389 - ResourceManager : found /templates/service.java.vm with loader org.apache.velocity.runtime.resource.loader.ClasspathResourceLoader
2018-05-09 22:38:33,389 - ResourceManager : found /templates/service.java.vm with loader org.apache.velocity.runtime.resource.loader.ClasspathResourceLoader
2018-05-09 22:38:33,393 - ResourceManager : found /templates/serviceImpl.java.vm with loader org.apache.velocity.runtime.resource.loader.ClasspathResourceLoader
2018-05-09 22:38:33,393 - ResourceManager : found /templates/serviceImpl.java.vm with loader org.apache.velocity.runtime.resource.loader.ClasspathResourceLoader
2018-05-09 22:38:33,397 - ResourceManager : found /templates/controller.java.vm with loader org.apache.velocity.runtime.resource.loader.ClasspathResourceLoader
2018-05-09 22:38:33,397 - ResourceManager : found /templates/controller.java.vm with loader org.apache.velocity.runtime.resource.loader.ClasspathResourceLoader
2018-05-09 22:39:48,612 - Log4JLogChute initialized using file 'velocity.log'
2018-05-09 22:39:48,612 - Log4JLogChute initialized using file 'velocity.log'
2018-05-09 22:39:48,612 - Log4JLogChute initialized using file 'velocity.log'
2018-05-09 22:39:48,613 - Initializing Velocity, Calling init()...
2018-05-09 22:39:48,613 - Initializing Velocity, Calling init()...
2018-05-09 22:39:48,613 - Initializing Velocity, Calling init()...
2018-05-09 22:39:48,613 - Starting Apache Velocity v1.7 (compiled: 2010-11-19 12:14:37)
2018-05-09 22:39:48,613 - Starting Apache Velocity v1.7 (compiled: 2010-11-19 12:14:37)
2018-05-09 22:39:48,613 - Starting Apache Velocity v1.7 (compiled: 2010-11-19 12:14:37)
2018-05-09 22:39:48,613 - Default Properties File: org\apache\velocity\runtime\defaults\velocity.properties
2018-05-09 22:39:48,613 - Default Properties File: org\apache\velocity\runtime\defaults\velocity.properties
2018-05-09 22:39:48,613 - Default Properties File: org\apache\velocity\runtime\defaults\velocity.properties
2018-05-09 22:39:48,613 - Trying to use logger class org.apache.velocity.runtime.log.AvalonLogChute
2018-05-09 22:39:48,613 - Trying to use logger class org.apache.velocity.runtime.log.AvalonLogChute
2018-05-09 22:39:48,613 - Trying to use logger class org.apache.velocity.runtime.log.AvalonLogChute
2018-05-09 22:39:48,613 - Target log system for org.apache.velocity.runtime.log.AvalonLogChute is not available (java.lang.NoClassDefFoundError: Could not initialize class org.apache.velocity.runtime.log.AvalonLogChute).  Falling back to next log system...
2018-05-09 22:39:48,613 - Target log system for org.apache.velocity.runtime.log.AvalonLogChute is not available (java.lang.NoClassDefFoundError: Could not initialize class org.apache.velocity.runtime.log.AvalonLogChute).  Falling back to next log system...
2018-05-09 22:39:48,613 - Target log system for org.apache.velocity.runtime.log.AvalonLogChute is not available (java.lang.NoClassDefFoundError: Could not initialize class org.apache.velocity.runtime.log.AvalonLogChute).  Falling back to next log system...
2018-05-09 22:39:48,613 - Trying to use logger class org.apache.velocity.runtime.log.Log4JLogChute
2018-05-09 22:39:48,613 - Trying to use logger class org.apache.velocity.runtime.log.Log4JLogChute
2018-05-09 22:39:48,613 - Trying to use logger class org.apache.velocity.runtime.log.Log4JLogChute
2018-05-09 22:39:48,613 - Using logger class org.apache.velocity.runtime.log.Log4JLogChute
2018-05-09 22:39:48,613 - Using logger class org.apache.velocity.runtime.log.Log4JLogChute
2018-05-09 22:39:48,613 - Using logger class org.apache.velocity.runtime.log.Log4JLogChute
2018-05-09 22:39:48,613 - ResourceLoader instantiated: org.apache.velocity.runtime.resource.loader.ClasspathResourceLoader
2018-05-09 22:39:48,613 - ResourceLoader instantiated: org.apache.velocity.runtime.resource.loader.ClasspathResourceLoader
2018-05-09 22:39:48,613 - ResourceLoader instantiated: org.apache.velocity.runtime.resource.loader.ClasspathResourceLoader
2018-05-09 22:39:48,613 - ResourceCache: initialized (class org.apache.velocity.runtime.resource.ResourceCacheImpl) with class java.util.Collections$SynchronizedMap cache map.
2018-05-09 22:39:48,613 - ResourceCache: initialized (class org.apache.velocity.runtime.resource.ResourceCacheImpl) with class java.util.Collections$SynchronizedMap cache map.
2018-05-09 22:39:48,613 - ResourceCache: initialized (class org.apache.velocity.runtime.resource.ResourceCacheImpl) with class java.util.Collections$SynchronizedMap cache map.
2018-05-09 22:39:48,613 - Loaded System Directive: org.apache.velocity.runtime.directive.Stop
2018-05-09 22:39:48,613 - Loaded System Directive: org.apache.velocity.runtime.directive.Stop
2018-05-09 22:39:48,613 - Loaded System Directive: org.apache.velocity.runtime.directive.Stop
2018-05-09 22:39:48,613 - Loaded System Directive: org.apache.velocity.runtime.directive.Define
2018-05-09 22:39:48,613 - Loaded System Directive: org.apache.velocity.runtime.directive.Define
2018-05-09 22:39:48,613 - Loaded System Directive: org.apache.velocity.runtime.directive.Define
2018-05-09 22:39:48,613 - Loaded System Directive: org.apache.velocity.runtime.directive.Break
2018-05-09 22:39:48,613 - Loaded System Directive: org.apache.velocity.runtime.directive.Break
2018-05-09 22:39:48,613 - Loaded System Directive: org.apache.velocity.runtime.directive.Break
2018-05-09 22:39:48,613 - Loaded System Directive: org.apache.velocity.runtime.directive.Evaluate
2018-05-09 22:39:48,613 - Loaded System Directive: org.apache.velocity.runtime.directive.Evaluate
2018-05-09 22:39:48,613 - Loaded System Directive: org.apache.velocity.runtime.directive.Evaluate
2018-05-09 22:39:48,614 - Loaded System Directive: org.apache.velocity.runtime.directive.Literal
2018-05-09 22:39:48,614 - Loaded System Directive: org.apache.velocity.runtime.directive.Literal
2018-05-09 22:39:48,614 - Loaded System Directive: org.apache.velocity.runtime.directive.Literal
2018-05-09 22:39:48,614 - Loaded System Directive: org.apache.velocity.runtime.directive.Macro
2018-05-09 22:39:48,614 - Loaded System Directive: org.apache.velocity.runtime.directive.Macro
2018-05-09 22:39:48,614 - Loaded System Directive: org.apache.velocity.runtime.directive.Macro
2018-05-09 22:39:48,614 - Loaded System Directive: org.apache.velocity.runtime.directive.Parse
2018-05-09 22:39:48,614 - Loaded System Directive: org.apache.velocity.runtime.directive.Parse
2018-05-09 22:39:48,614 - Loaded System Directive: org.apache.velocity.runtime.directive.Parse
2018-05-09 22:39:48,614 - Loaded System Directive: org.apache.velocity.runtime.directive.Include
2018-05-09 22:39:48,614 - Loaded System Directive: org.apache.velocity.runtime.directive.Include
2018-05-09 22:39:48,614 - Loaded System Directive: org.apache.velocity.runtime.directive.Include
2018-05-09 22:39:48,614 - Loaded System Directive: org.apache.velocity.runtime.directive.Foreach
2018-05-09 22:39:48,614 - Loaded System Directive: org.apache.velocity.runtime.directive.Foreach
2018-05-09 22:39:48,614 - Loaded System Directive: org.apache.velocity.runtime.directive.Foreach
2018-05-09 22:39:48,615 - Created '20' parsers.
2018-05-09 22:39:48,615 - Created '20' parsers.
2018-05-09 22:39:48,615 - Created '20' parsers.
2018-05-09 22:39:48,615 - Velocimacro : "velocimacro.library" is not set.  Trying default library: VM_global_library.vm
2018-05-09 22:39:48,615 - Velocimacro : "velocimacro.library" is not set.  Trying default library: VM_global_library.vm
2018-05-09 22:39:48,615 - Velocimacro : "velocimacro.library" is not set.  Trying default library: VM_global_library.vm
2018-05-09 22:39:48,616 - Could not load resource 'VM_global_library.vm' from ResourceLoader org.apache.velocity.runtime.resource.loader.ClasspathResourceLoader: ClasspathResourceLoader Error: cannot find resource VM_global_library.vm
2018-05-09 22:39:48,616 - Could not load resource 'VM_global_library.vm' from ResourceLoader org.apache.velocity.runtime.resource.loader.ClasspathResourceLoader: ClasspathResourceLoader Error: cannot find resource VM_global_library.vm
2018-05-09 22:39:48,616 - Could not load resource 'VM_global_library.vm' from ResourceLoader org.apache.velocity.runtime.resource.loader.ClasspathResourceLoader: ClasspathResourceLoader Error: cannot find resource VM_global_library.vm
2018-05-09 22:39:48,616 - Velocimacro : Default library not found.
2018-05-09 22:39:48,616 - Velocimacro : Default library not found.
2018-05-09 22:39:48,616 - Velocimacro : Default library not found.
2018-05-09 22:39:48,616 - Velocimacro : allowInline = true : VMs can be defined inline in templates
2018-05-09 22:39:48,616 - Velocimacro : allowInline = true : VMs can be defined inline in templates
2018-05-09 22:39:48,616 - Velocimacro : allowInline = true : VMs can be defined inline in templates
2018-05-09 22:39:48,616 - Velocimacro : allowInlineToOverride = false : VMs defined inline may NOT replace previous VM definitions
2018-05-09 22:39:48,616 - Velocimacro : allowInlineToOverride = false : VMs defined inline may NOT replace previous VM definitions
2018-05-09 22:39:48,616 - Velocimacro : allowInlineToOverride = false : VMs defined inline may NOT replace previous VM definitions
2018-05-09 22:39:48,616 - Velocimacro : allowInlineLocal = false : VMs defined inline will be global in scope if allowed.
2018-05-09 22:39:48,616 - Velocimacro : allowInlineLocal = false : VMs defined inline will be global in scope if allowed.
2018-05-09 22:39:48,616 - Velocimacro : allowInlineLocal = false : VMs defined inline will be global in scope if allowed.
2018-05-09 22:39:48,616 - Velocimacro : autoload off : VM system will not automatically reload global library macros
2018-05-09 22:39:48,616 - Velocimacro : autoload off : VM system will not automatically reload global library macros
2018-05-09 22:39:48,616 - Velocimacro : autoload off : VM system will not automatically reload global library macros
2018-05-09 22:39:48,624 - ResourceManager : found /templates/entity.java.vm with loader org.apache.velocity.runtime.resource.loader.ClasspathResourceLoader
2018-05-09 22:39:48,624 - ResourceManager : found /templates/entity.java.vm with loader org.apache.velocity.runtime.resource.loader.ClasspathResourceLoader
2018-05-09 22:39:48,624 - ResourceManager : found /templates/entity.java.vm with loader org.apache.velocity.runtime.resource.loader.ClasspathResourceLoader
2018-05-09 22:39:48,625 - Left side (${versionFieldName}) of '==' operation has null value. If it is a reference, it may not be in the context or its toString() returned null. /templates/entity.java.vm[line 72, column 26]
2018-05-09 22:39:48,625 - Left side (${versionFieldName}) of '==' operation has null value. If it is a reference, it may not be in the context or its toString() returned null. /templates/entity.java.vm[line 72, column 26]
2018-05-09 22:39:48,625 - Left side (${versionFieldName}) of '==' operation has null value. If it is a reference, it may not be in the context or its toString() returned null. /templates/entity.java.vm[line 72, column 26]
2018-05-09 22:39:48,625 - Left side (${logicDeleteFieldName}) of '==' operation has null value. If it is a reference, it may not be in the context or its toString() returned null. /templates/entity.java.vm[line 76, column 30]
2018-05-09 22:39:48,625 - Left side (${logicDeleteFieldName}) of '==' operation has null value. If it is a reference, it may not be in the context or its toString() returned null. /templates/entity.java.vm[line 76, column 30]
2018-05-09 22:39:48,625 - Left side (${logicDeleteFieldName}) of '==' operation has null value. If it is a reference, it may not be in the context or its toString() returned null. /templates/entity.java.vm[line 76, column 30]
2018-05-09 22:39:48,625 - Left side (${versionFieldName}) of '==' operation has null value. If it is a reference, it may not be in the context or its toString() returned null. /templates/entity.java.vm[line 72, column 26]
2018-05-09 22:39:48,625 - Left side (${versionFieldName}) of '==' operation has null value. If it is a reference, it may not be in the context or its toString() returned null. /templates/entity.java.vm[line 72, column 26]
2018-05-09 22:39:48,625 - Left side (${versionFieldName}) of '==' operation has null value. If it is a reference, it may not be in the context or its toString() returned null. /templates/entity.java.vm[line 72, column 26]
2018-05-09 22:39:48,625 - Left side (${logicDeleteFieldName}) of '==' operation has null value. If it is a reference, it may not be in the context or its toString() returned null. /templates/entity.java.vm[line 76, column 30]
2018-05-09 22:39:48,625 - Left side (${logicDeleteFieldName}) of '==' operation has null value. If it is a reference, it may not be in the context or its toString() returned null. /templates/entity.java.vm[line 76, column 30]
2018-05-09 22:39:48,625 - Left side (${logicDeleteFieldName}) of '==' operation has null value. If it is a reference, it may not be in the context or its toString() returned null. /templates/entity.java.vm[line 76, column 30]
2018-05-09 22:39:48,625 - Left side (${versionFieldName}) of '==' operation has null value. If it is a reference, it may not be in the context or its toString() returned null. /templates/entity.java.vm[line 72, column 26]
2018-05-09 22:39:48,625 - Left side (${versionFieldName}) of '==' operation has null value. If it is a reference, it may not be in the context or its toString() returned null. /templates/entity.java.vm[line 72, column 26]
2018-05-09 22:39:48,625 - Left side (${versionFieldName}) of '==' operation has null value. If it is a reference, it may not be in the context or its toString() returned null. /templates/entity.java.vm[line 72, column 26]
2018-05-09 22:39:48,625 - Left side (${logicDeleteFieldName}) of '==' operation has null value. If it is a reference, it may not be in the context or its toString() returned null. /templates/entity.java.vm[line 76, column 30]
2018-05-09 22:39:48,625 - Left side (${logicDeleteFieldName}) of '==' operation has null value. If it is a reference, it may not be in the context or its toString() returned null. /templates/entity.java.vm[line 76, column 30]
2018-05-09 22:39:48,625 - Left side (${logicDeleteFieldName}) of '==' operation has null value. If it is a reference, it may not be in the context or its toString() returned null. /templates/entity.java.vm[line 76, column 30]
2018-05-09 22:39:48,625 - Left side (${versionFieldName}) of '==' operation has null value. If it is a reference, it may not be in the context or its toString() returned null. /templates/entity.java.vm[line 72, column 26]
2018-05-09 22:39:48,625 - Left side (${versionFieldName}) of '==' operation has null value. If it is a reference, it may not be in the context or its toString() returned null. /templates/entity.java.vm[line 72, column 26]
2018-05-09 22:39:48,625 - Left side (${versionFieldName}) of '==' operation has null value. If it is a reference, it may not be in the context or its toString() returned null. /templates/entity.java.vm[line 72, column 26]
2018-05-09 22:39:48,626 - Left side (${logicDeleteFieldName}) of '==' operation has null value. If it is a reference, it may not be in the context or its toString() returned null. /templates/entity.java.vm[line 76, column 30]
2018-05-09 22:39:48,626 - Left side (${logicDeleteFieldName}) of '==' operation has null value. If it is a reference, it may not be in the context or its toString() returned null. /templates/entity.java.vm[line 76, column 30]
2018-05-09 22:39:48,626 - Left side (${logicDeleteFieldName}) of '==' operation has null value. If it is a reference, it may not be in the context or its toString() returned null. /templates/entity.java.vm[line 76, column 30]
2018-05-09 22:39:48,628 - ResourceManager : found /templates/mapper.java.vm with loader org.apache.velocity.runtime.resource.loader.ClasspathResourceLoader
2018-05-09 22:39:48,628 - ResourceManager : found /templates/mapper.java.vm with loader org.apache.velocity.runtime.resource.loader.ClasspathResourceLoader
2018-05-09 22:39:48,628 - ResourceManager : found /templates/mapper.java.vm with loader org.apache.velocity.runtime.resource.loader.ClasspathResourceLoader
2018-05-09 22:39:48,632 - ResourceManager : found /templates/mapper.xml.vm with loader org.apache.velocity.runtime.resource.loader.ClasspathResourceLoader
2018-05-09 22:39:48,632 - ResourceManager : found /templates/mapper.xml.vm with loader org.apache.velocity.runtime.resource.loader.ClasspathResourceLoader
2018-05-09 22:39:48,632 - ResourceManager : found /templates/mapper.xml.vm with loader org.apache.velocity.runtime.resource.loader.ClasspathResourceLoader
2018-05-09 22:39:48,635 - ResourceManager : found /templates/service.java.vm with loader org.apache.velocity.runtime.resource.loader.ClasspathResourceLoader
2018-05-09 22:39:48,635 - ResourceManager : found /templates/service.java.vm with loader org.apache.velocity.runtime.resource.loader.ClasspathResourceLoader
2018-05-09 22:39:48,635 - ResourceManager : found /templates/service.java.vm with loader org.apache.velocity.runtime.resource.loader.ClasspathResourceLoader
2018-05-09 22:39:48,638 - ResourceManager : found /templates/serviceImpl.java.vm with loader org.apache.velocity.runtime.resource.loader.ClasspathResourceLoader
2018-05-09 22:39:48,638 - ResourceManager : found /templates/serviceImpl.java.vm with loader org.apache.velocity.runtime.resource.loader.ClasspathResourceLoader
2018-05-09 22:39:48,638 - ResourceManager : found /templates/serviceImpl.java.vm with loader org.apache.velocity.runtime.resource.loader.ClasspathResourceLoader
2018-05-09 22:39:48,641 - ResourceManager : found /templates/controller.java.vm with loader org.apache.velocity.runtime.resource.loader.ClasspathResourceLoader
2018-05-09 22:39:48,641 - ResourceManager : found /templates/controller.java.vm with loader org.apache.velocity.runtime.resource.loader.ClasspathResourceLoader
2018-05-09 22:39:48,641 - ResourceManager : found /templates/controller.java.vm with loader org.apache.velocity.runtime.resource.loader.ClasspathResourceLoader
2018-05-09 22:43:26,185 - Log4JLogChute initialized using file 'velocity.log'
2018-05-09 22:43:26,186 - Initializing Velocity, Calling init()...
2018-05-09 22:43:26,186 - Starting Apache Velocity v1.7 (compiled: 2010-11-19 12:14:37)
2018-05-09 22:43:26,186 - Default Properties File: org\apache\velocity\runtime\defaults\velocity.properties
2018-05-09 22:43:26,186 - Trying to use logger class org.apache.velocity.runtime.log.AvalonLogChute
2018-05-09 22:43:26,186 - Target log system for org.apache.velocity.runtime.log.AvalonLogChute is not available (java.lang.NoClassDefFoundError: Could not initialize class org.apache.velocity.runtime.log.AvalonLogChute).  Falling back to next log system...
2018-05-09 22:43:26,186 - Trying to use logger class org.apache.velocity.runtime.log.Log4JLogChute
2018-05-09 22:43:26,186 - Using logger class org.apache.velocity.runtime.log.Log4JLogChute
2018-05-09 22:43:26,186 - ResourceLoader instantiated: org.apache.velocity.runtime.resource.loader.ClasspathResourceLoader
2018-05-09 22:43:26,186 - ResourceCache: initialized (class org.apache.velocity.runtime.resource.ResourceCacheImpl) with class java.util.Collections$SynchronizedMap cache map.
2018-05-09 22:43:26,186 - Loaded System Directive: org.apache.velocity.runtime.directive.Stop
2018-05-09 22:43:26,186 - Loaded System Directive: org.apache.velocity.runtime.directive.Define
2018-05-09 22:43:26,186 - Loaded System Directive: org.apache.velocity.runtime.directive.Break
2018-05-09 22:43:26,186 - Loaded System Directive: org.apache.velocity.runtime.directive.Evaluate
2018-05-09 22:43:26,186 - Loaded System Directive: org.apache.velocity.runtime.directive.Literal
2018-05-09 22:43:26,186 - Loaded System Directive: org.apache.velocity.runtime.directive.Macro
2018-05-09 22:43:26,186 - Loaded System Directive: org.apache.velocity.runtime.directive.Parse
2018-05-09 22:43:26,186 - Loaded System Directive: org.apache.velocity.runtime.directive.Include
2018-05-09 22:43:26,186 - Loaded System Directive: org.apache.velocity.runtime.directive.Foreach
2018-05-09 22:43:26,187 - Created '20' parsers.
2018-05-09 22:43:26,187 - Velocimacro : "velocimacro.library" is not set.  Trying default library: VM_global_library.vm
2018-05-09 22:43:26,188 - Could not load resource 'VM_global_library.vm' from ResourceLoader org.apache.velocity.runtime.resource.loader.ClasspathResourceLoader: ClasspathResourceLoader Error: cannot find resource VM_global_library.vm
2018-05-09 22:43:26,188 - Velocimacro : Default library not found.
2018-05-09 22:43:26,188 - Velocimacro : allowInline = true : VMs can be defined inline in templates
2018-05-09 22:43:26,188 - Velocimacro : allowInlineToOverride = false : VMs defined inline may NOT replace previous VM definitions
2018-05-09 22:43:26,188 - Velocimacro : allowInlineLocal = false : VMs defined inline will be global in scope if allowed.
2018-05-09 22:43:26,188 - Velocimacro : autoload off : VM system will not automatically reload global library macros
2018-05-09 22:43:26,193 - ResourceManager : found /templates/entity.java.vm with loader org.apache.velocity.runtime.resource.loader.ClasspathResourceLoader
2018-05-09 22:43:26,194 - Left side (${versionFieldName}) of '==' operation has null value. If it is a reference, it may not be in the context or its toString() returned null. /templates/entity.java.vm[line 72, column 26]
2018-05-09 22:43:26,194 - Left side (${logicDeleteFieldName}) of '==' operation has null value. If it is a reference, it may not be in the context or its toString() returned null. /templates/entity.java.vm[line 76, column 30]
2018-05-09 22:43:26,195 - Left side (${versionFieldName}) of '==' operation has null value. If it is a reference, it may not be in the context or its toString() returned null. /templates/entity.java.vm[line 72, column 26]
2018-05-09 22:43:26,195 - Left side (${logicDeleteFieldName}) of '==' operation has null value. If it is a reference, it may not be in the context or its toString() returned null. /templates/entity.java.vm[line 76, column 30]
2018-05-09 22:43:26,195 - Left side (${versionFieldName}) of '==' operation has null value. If it is a reference, it may not be in the context or its toString() returned null. /templates/entity.java.vm[line 72, column 26]
2018-05-09 22:43:26,195 - Left side (${logicDeleteFieldName}) of '==' operation has null value. If it is a reference, it may not be in the context or its toString() returned null. /templates/entity.java.vm[line 76, column 30]
2018-05-09 22:43:26,195 - Left side (${versionFieldName}) of '==' operation has null value. If it is a reference, it may not be in the context or its toString() returned null. /templates/entity.java.vm[line 72, column 26]
2018-05-09 22:43:26,195 - Left side (${logicDeleteFieldName}) of '==' operation has null value. If it is a reference, it may not be in the context or its toString() returned null. /templates/entity.java.vm[line 76, column 30]
2018-05-09 22:43:26,197 - ResourceManager : found /templates/mapper.java.vm with loader org.apache.velocity.runtime.resource.loader.ClasspathResourceLoader
2018-05-09 22:43:26,202 - ResourceManager : found /templates/mapper.xml.vm with loader org.apache.velocity.runtime.resource.loader.ClasspathResourceLoader
2018-05-09 22:43:26,204 - ResourceManager : found /templates/service.java.vm with loader org.apache.velocity.runtime.resource.loader.ClasspathResourceLoader
2018-05-09 22:43:26,208 - ResourceManager : found /templates/serviceImpl.java.vm with loader org.apache.velocity.runtime.resource.loader.ClasspathResourceLoader
2018-05-09 22:43:26,211 - ResourceManager : found /templates/controller.java.vm with loader org.apache.velocity.runtime.resource.loader.ClasspathResourceLoader
2018-05-09 22:45:15,022 - Log4JLogChute initialized using file 'velocity.log'
2018-05-09 22:45:15,022 - Log4JLogChute initialized using file 'velocity.log'
2018-05-09 22:45:15,023 - Initializing Velocity, Calling init()...
2018-05-09 22:45:15,023 - Initializing Velocity, Calling init()...
2018-05-09 22:45:15,023 - Starting Apache Velocity v1.7 (compiled: 2010-11-19 12:14:37)
2018-05-09 22:45:15,023 - Starting Apache Velocity v1.7 (compiled: 2010-11-19 12:14:37)
2018-05-09 22:45:15,023 - Default Properties File: org\apache\velocity\runtime\defaults\velocity.properties
2018-05-09 22:45:15,023 - Default Properties File: org\apache\velocity\runtime\defaults\velocity.properties
2018-05-09 22:45:15,023 - Trying to use logger class org.apache.velocity.runtime.log.AvalonLogChute
2018-05-09 22:45:15,023 - Trying to use logger class org.apache.velocity.runtime.log.AvalonLogChute
2018-05-09 22:45:15,023 - Target log system for org.apache.velocity.runtime.log.AvalonLogChute is not available (java.lang.NoClassDefFoundError: Could not initialize class org.apache.velocity.runtime.log.AvalonLogChute).  Falling back to next log system...
2018-05-09 22:45:15,023 - Target log system for org.apache.velocity.runtime.log.AvalonLogChute is not available (java.lang.NoClassDefFoundError: Could not initialize class org.apache.velocity.runtime.log.AvalonLogChute).  Falling back to next log system...
2018-05-09 22:45:15,023 - Trying to use logger class org.apache.velocity.runtime.log.Log4JLogChute
2018-05-09 22:45:15,023 - Trying to use logger class org.apache.velocity.runtime.log.Log4JLogChute
2018-05-09 22:45:15,023 - Using logger class org.apache.velocity.runtime.log.Log4JLogChute
2018-05-09 22:45:15,023 - Using logger class org.apache.velocity.runtime.log.Log4JLogChute
2018-05-09 22:45:15,023 - ResourceLoader instantiated: org.apache.velocity.runtime.resource.loader.ClasspathResourceLoader
2018-05-09 22:45:15,023 - ResourceLoader instantiated: org.apache.velocity.runtime.resource.loader.ClasspathResourceLoader
2018-05-09 22:45:15,023 - ResourceCache: initialized (class org.apache.velocity.runtime.resource.ResourceCacheImpl) with class java.util.Collections$SynchronizedMap cache map.
2018-05-09 22:45:15,023 - ResourceCache: initialized (class org.apache.velocity.runtime.resource.ResourceCacheImpl) with class java.util.Collections$SynchronizedMap cache map.
2018-05-09 22:45:15,023 - Loaded System Directive: org.apache.velocity.runtime.directive.Stop
2018-05-09 22:45:15,023 - Loaded System Directive: org.apache.velocity.runtime.directive.Stop
2018-05-09 22:45:15,023 - Loaded System Directive: org.apache.velocity.runtime.directive.Define
2018-05-09 22:45:15,023 - Loaded System Directive: org.apache.velocity.runtime.directive.Define
2018-05-09 22:45:15,023 - Loaded System Directive: org.apache.velocity.runtime.directive.Break
2018-05-09 22:45:15,023 - Loaded System Directive: org.apache.velocity.runtime.directive.Break
2018-05-09 22:45:15,024 - Loaded System Directive: org.apache.velocity.runtime.directive.Evaluate
2018-05-09 22:45:15,024 - Loaded System Directive: org.apache.velocity.runtime.directive.Evaluate
2018-05-09 22:45:15,024 - Loaded System Directive: org.apache.velocity.runtime.directive.Literal
2018-05-09 22:45:15,024 - Loaded System Directive: org.apache.velocity.runtime.directive.Literal
2018-05-09 22:45:15,024 - Loaded System Directive: org.apache.velocity.runtime.directive.Macro
2018-05-09 22:45:15,024 - Loaded System Directive: org.apache.velocity.runtime.directive.Macro
2018-05-09 22:45:15,024 - Loaded System Directive: org.apache.velocity.runtime.directive.Parse
2018-05-09 22:45:15,024 - Loaded System Directive: org.apache.velocity.runtime.directive.Parse
2018-05-09 22:45:15,024 - Loaded System Directive: org.apache.velocity.runtime.directive.Include
2018-05-09 22:45:15,024 - Loaded System Directive: org.apache.velocity.runtime.directive.Include
2018-05-09 22:45:15,024 - Loaded System Directive: org.apache.velocity.runtime.directive.Foreach
2018-05-09 22:45:15,024 - Loaded System Directive: org.apache.velocity.runtime.directive.Foreach
2018-05-09 22:45:15,025 - Created '20' parsers.
2018-05-09 22:45:15,025 - Created '20' parsers.
2018-05-09 22:45:15,025 - Velocimacro : "velocimacro.library" is not set.  Trying default library: VM_global_library.vm
2018-05-09 22:45:15,025 - Velocimacro : "velocimacro.library" is not set.  Trying default library: VM_global_library.vm
2018-05-09 22:45:15,026 - Could not load resource 'VM_global_library.vm' from ResourceLoader org.apache.velocity.runtime.resource.loader.ClasspathResourceLoader: ClasspathResourceLoader Error: cannot find resource VM_global_library.vm
2018-05-09 22:45:15,026 - Could not load resource 'VM_global_library.vm' from ResourceLoader org.apache.velocity.runtime.resource.loader.ClasspathResourceLoader: ClasspathResourceLoader Error: cannot find resource VM_global_library.vm
2018-05-09 22:45:15,026 - Velocimacro : Default library not found.
2018-05-09 22:45:15,026 - Velocimacro : Default library not found.
2018-05-09 22:45:15,026 - Velocimacro : allowInline = true : VMs can be defined inline in templates
2018-05-09 22:45:15,026 - Velocimacro : allowInline = true : VMs can be defined inline in templates
2018-05-09 22:45:15,026 - Velocimacro : allowInlineToOverride = false : VMs defined inline may NOT replace previous VM definitions
2018-05-09 22:45:15,026 - Velocimacro : allowInlineToOverride = false : VMs defined inline may NOT replace previous VM definitions
2018-05-09 22:45:15,026 - Velocimacro : allowInlineLocal = false : VMs defined inline will be global in scope if allowed.
2018-05-09 22:45:15,026 - Velocimacro : allowInlineLocal = false : VMs defined inline will be global in scope if allowed.
2018-05-09 22:45:15,027 - Velocimacro : autoload off : VM system will not automatically reload global library macros
2018-05-09 22:45:15,027 - Velocimacro : autoload off : VM system will not automatically reload global library macros
2018-05-09 22:45:15,031 - ResourceManager : found /templates/entity.java.vm with loader org.apache.velocity.runtime.resource.loader.ClasspathResourceLoader
2018-05-09 22:45:15,031 - ResourceManager : found /templates/entity.java.vm with loader org.apache.velocity.runtime.resource.loader.ClasspathResourceLoader
2018-05-09 22:45:15,033 - Left side (${versionFieldName}) of '==' operation has null value. If it is a reference, it may not be in the context or its toString() returned null. /templates/entity.java.vm[line 72, column 26]
2018-05-09 22:45:15,033 - Left side (${versionFieldName}) of '==' operation has null value. If it is a reference, it may not be in the context or its toString() returned null. /templates/entity.java.vm[line 72, column 26]
2018-05-09 22:45:15,033 - Left side (${logicDeleteFieldName}) of '==' operation has null value. If it is a reference, it may not be in the context or its toString() returned null. /templates/entity.java.vm[line 76, column 30]
2018-05-09 22:45:15,033 - Left side (${logicDeleteFieldName}) of '==' operation has null value. If it is a reference, it may not be in the context or its toString() returned null. /templates/entity.java.vm[line 76, column 30]
2018-05-09 22:45:15,033 - Left side (${versionFieldName}) of '==' operation has null value. If it is a reference, it may not be in the context or its toString() returned null. /templates/entity.java.vm[line 72, column 26]
2018-05-09 22:45:15,033 - Left side (${versionFieldName}) of '==' operation has null value. If it is a reference, it may not be in the context or its toString() returned null. /templates/entity.java.vm[line 72, column 26]
2018-05-09 22:45:15,033 - Left side (${logicDeleteFieldName}) of '==' operation has null value. If it is a reference, it may not be in the context or its toString() returned null. /templates/entity.java.vm[line 76, column 30]
2018-05-09 22:45:15,033 - Left side (${logicDeleteFieldName}) of '==' operation has null value. If it is a reference, it may not be in the context or its toString() returned null. /templates/entity.java.vm[line 76, column 30]
2018-05-09 22:45:15,033 - Left side (${versionFieldName}) of '==' operation has null value. If it is a reference, it may not be in the context or its toString() returned null. /templates/entity.java.vm[line 72, column 26]
2018-05-09 22:45:15,033 - Left side (${versionFieldName}) of '==' operation has null value. If it is a reference, it may not be in the context or its toString() returned null. /templates/entity.java.vm[line 72, column 26]
2018-05-09 22:45:15,033 - Left side (${logicDeleteFieldName}) of '==' operation has null value. If it is a reference, it may not be in the context or its toString() returned null. /templates/entity.java.vm[line 76, column 30]
2018-05-09 22:45:15,033 - Left side (${logicDeleteFieldName}) of '==' operation has null value. If it is a reference, it may not be in the context or its toString() returned null. /templates/entity.java.vm[line 76, column 30]
2018-05-09 22:45:15,033 - Left side (${versionFieldName}) of '==' operation has null value. If it is a reference, it may not be in the context or its toString() returned null. /templates/entity.java.vm[line 72, column 26]
2018-05-09 22:45:15,033 - Left side (${versionFieldName}) of '==' operation has null value. If it is a reference, it may not be in the context or its toString() returned null. /templates/entity.java.vm[line 72, column 26]
2018-05-09 22:45:15,033 - Left side (${logicDeleteFieldName}) of '==' operation has null value. If it is a reference, it may not be in the context or its toString() returned null. /templates/entity.java.vm[line 76, column 30]
2018-05-09 22:45:15,033 - Left side (${logicDeleteFieldName}) of '==' operation has null value. If it is a reference, it may not be in the context or its toString() returned null. /templates/entity.java.vm[line 76, column 30]
2018-05-09 22:45:15,035 - ResourceManager : found /templates/mapper.java.vm with loader org.apache.velocity.runtime.resource.loader.ClasspathResourceLoader
2018-05-09 22:45:15,035 - ResourceManager : found /templates/mapper.java.vm with loader org.apache.velocity.runtime.resource.loader.ClasspathResourceLoader
2018-05-09 22:45:15,038 - ResourceManager : found /templates/mapper.xml.vm with loader org.apache.velocity.runtime.resource.loader.ClasspathResourceLoader
2018-05-09 22:45:15,038 - ResourceManager : found /templates/mapper.xml.vm with loader org.apache.velocity.runtime.resource.loader.ClasspathResourceLoader
2018-05-09 22:45:15,040 - ResourceManager : found /templates/service.java.vm with loader org.apache.velocity.runtime.resource.loader.ClasspathResourceLoader
2018-05-09 22:45:15,040 - ResourceManager : found /templates/service.java.vm with loader org.apache.velocity.runtime.resource.loader.ClasspathResourceLoader
2018-05-09 22:45:15,043 - ResourceManager : found /templates/serviceImpl.java.vm with loader org.apache.velocity.runtime.resource.loader.ClasspathResourceLoader
2018-05-09 22:45:15,043 - ResourceManager : found /templates/serviceImpl.java.vm with loader org.apache.velocity.runtime.resource.loader.ClasspathResourceLoader
2018-05-09 22:45:15,046 - ResourceManager : found /templates/controller.java.vm with loader org.apache.velocity.runtime.resource.loader.ClasspathResourceLoader
2018-05-09 22:45:15,046 - ResourceManager : found /templates/controller.java.vm with loader org.apache.velocity.runtime.resource.loader.ClasspathResourceLoader
